<?xml version="1.0" encoding="UTF-8"?>
<!-- Generated by org.testng.reporters.JUnitXMLReporter -->
<testsuite ignored="8" hostname="LTIN240631" failures="0" tests="10" name="Test" time="145.682" errors="0" timestamp="2024-04-04T15:03:40 IST">
  <testcase classname="testcases.Testhome" name="popup" time="2.578"/>
  <testcase classname="testcases.Testhome" name="cab" time="9.822"/>
  <testcase classname="testcases.Testhome" name="datetravel" time="2.441"/>
  <testcase classname="testcases.Testhome" name="timetravel" time="4.043"/>
  <testcase classname="testcases.Testhome" name="submittravel" time="68.999"/>
  <testcase classname="testcases.Testcab" name="showprice" time="6.392"/>
  <testcase classname="testcases.Testcab" name="menu" time="6.419"/>
  <testcase classname="testcases.Testgiftcard" name="giftcard" time="9.8"/>
  <testcase classname="testcases.TestDiwalicard" name="carddata" time="17.87"/>
  <testcase classname="testcases.Testhotel" name="hoteladultdetails" time="17.178"/>
  <testcase classname="testcases.baseclass" name="@BeforeSuite beforeSuite" time="0.0">
    <ignored/>
  </testcase> <!-- @BeforeSuite beforeSuite -->
  <testcase classname="testcases.baseclass" name="@BeforeSuite beforeSuite" time="0.0">
    <ignored/>
  </testcase> <!-- @BeforeSuite beforeSuite -->
  <testcase classname="testcases.baseclass" name="@BeforeSuite beforeSuite" time="0.0">
    <ignored/>
  </testcase> <!-- @BeforeSuite beforeSuite -->
  <testcase classname="testcases.baseclass" name="@BeforeSuite beforeSuite" time="0.0">
    <ignored/>
  </testcase> <!-- @BeforeSuite beforeSuite -->
  <testcase classname="testcases.baseclass" name="@AfterSuite afterSuite" time="0.0">
    <ignored/>
  </testcase> <!-- @AfterSuite afterSuite -->
  <testcase classname="testcases.baseclass" name="@AfterSuite afterSuite" time="0.0">
    <ignored/>
  </testcase> <!-- @AfterSuite afterSuite -->
  <testcase classname="testcases.baseclass" name="@AfterSuite afterSuite" time="0.0">
    <ignored/>
  </testcase> <!-- @AfterSuite afterSuite -->
  <testcase classname="testcases.baseclass" name="@AfterSuite afterSuite" time="0.0">
    <ignored/>
  </testcase> <!-- @AfterSuite afterSuite -->
</testsuite> <!-- Test -->
